#
# A fatal error has been detected by the Java Runtime Environment:
#
#  EXCEPTION_IN_PAGE_ERROR (0xc0000006) at pc=0x00007ff9f476132c, pid=13432, tid=7712
#
# JRE version: OpenJDK Runtime Environment Temurin-17.0.4+8 (17.0.4+8) (build 17.0.4+8)
# Java VM: OpenJDK 64-Bit Server VM Temurin-17.0.4+8 (17.0.4+8, mixed mode, emulated-client, tiered, compressed oops, compressed class ptrs, g1 gc, windows-amd64)
# Problematic frame:
# C  [jimage.dll+0x132c]
#
# No core dump will be written. Minidumps are not enabled by default on client versions of Windows
#
# If you would like to submit a bug report, please visit:
#   https://github.com/adoptium/adoptium-support/issues
#

---------------  S U M M A R Y ------------

Command Line: -XX:+ShowCodeDetailsInExceptionMessages -agentlib:jdwp=transport=dt_socket,suspend=y,address=localhost:62629 -Dcom.sun.management.jmxremote -Dcom.sun.management.jmxremote.port=62628 -Dcom.sun.management.jmxremote.authenticate=false -Dcom.sun.management.jmxremote.ssl=false -Djava.rmi.server.hostname=localhost -Dspring.jmx.enabled=true -Dspring.application.admin.enabled=true -XX:TieredStopAtLevel=1 -Dspring.boot.project.name=SpringSecurityBasic -javaagent:D:\Downloads\sts-4.15.3.RELEASE\configuration\org.eclipse.osgi\258\0\.cp\lib\javaagent-shaded.jar -Dfile.encoding=UTF-8 com.masai.SpringSecurityBasicApplication --spring.output.ansi.enabled=always

Host: Intel(R) Core(TM) i5-4210U CPU @ 1.70GHz, 4 cores, 7G,  Windows 10 , 64 bit Build 19041 (10.0.19041.3393)
Time: Sat Sep 16 15:42:22 2023 India Standard Time elapsed time: 10.355598 seconds (0d 0h 0m 10s)

---------------  T H R E A D  ---------------

Current thread (0x000001a2feb9f200):  JavaThread "main" [_thread_in_vm, id=7712, stack(0x0000004da0f00000,0x0000004da1000000)]

Stack: [0x0000004da0f00000,0x0000004da1000000],  sp=0x0000004da0ffcdc0,  free space=1011k
Native frames: (J=compiled Java code, j=interpreted, Vv=VM code, C=native code)
C  [jimage.dll+0x132c]
C  [jimage.dll+0x1e97]
C  [jimage.dll+0x1f2e]
C  [jimage.dll+0x2666]
V  [jvm.dll+0x1f23ad]
V  [jvm.dll+0x1f0fd2]
V  [jvm.dll+0x7ac5bb]
V  [jvm.dll+0x7ad962]
V  [jvm.dll+0x7ae0f9]
V  [jvm.dll+0x1eb654]
V  [jvm.dll+0x1e085a]
V  [jvm.dll+0x53c8f0]
V  [jvm.dll+0x1f1037]
V  [jvm.dll+0x7ac5bb]
V  [jvm.dll+0x7ad962]
V  [jvm.dll+0x7adc98]
V  [jvm.dll+0x23d9ee]
V  [jvm.dll+0x37f27e]
C  0x000001a2836158ae

Java frames: (J=compiled Java code, j=interpreted, Vv=VM code)
j  sun.security.provider.X509Factory.engineGenerateCertPath(Ljava/util/List;)Ljava/security/cert/CertPath;+0 java.base@17.0.4
j  java.security.cert.CertificateFactory.generateCertPath(Ljava/util/List;)Ljava/security/cert/CertPath;+5 java.base@17.0.4
j  sun.security.pkcs.SignerInfo.getTimestamp()Ljava/security/Timestamp;+90 java.base@17.0.4
j  sun.security.pkcs.SignerInfo.verify(Lsun/security/pkcs/PKCS7;[B)Lsun/security/pkcs/SignerInfo;+3 java.base@17.0.4
j  sun.security.pkcs.PKCS7.verify(Lsun/security/pkcs/SignerInfo;[B)Lsun/security/pkcs/SignerInfo;+3 java.base@17.0.4
j  sun.security.pkcs.PKCS7.verify([B)[Lsun/security/pkcs/SignerInfo;+27 java.base@17.0.4
j  sun.security.util.SignatureFileVerifier.processImpl(Ljava/util/Hashtable;Ljava/util/List;Ljava/lang/String;)V+62 java.base@17.0.4
j  sun.security.util.SignatureFileVerifier.process(Ljava/util/Hashtable;Ljava/util/List;Ljava/lang/String;)V+12 java.base@17.0.4
j  java.util.jar.JarVerifier.processEntry(Lsun/security/util/ManifestEntryVerifier;)V+397 java.base@17.0.4
j  java.util.jar.JarVerifier.update(I[BIILsun/security/util/ManifestEntryVerifier;)V+39 java.base@17.0.4
j  java.util.jar.JarFile.initializeVerifier()V+164 java.base@17.0.4
j  java.util.jar.JarFile.ensureInitialization()V+41 java.base@17.0.4
j  java.util.jar.JavaUtilJarAccessImpl.ensureInitialization(Ljava/util/jar/JarFile;)V+1 java.base@17.0.4
j  jdk.internal.loader.URLClassPath$JarLoader$2.getManifest()Ljava/util/jar/Manifest;+10 java.base@17.0.4
j  jdk.internal.loader.BuiltinClassLoader.defineClass(Ljava/lang/String;Ljdk/internal/loader/Resource;)Ljava/lang/Class;+29 java.base@17.0.4
j  jdk.internal.loader.BuiltinClassLoader.findClassOnClassPathOrNull(Ljava/lang/String;)Ljava/lang/Class;+37 java.base@17.0.4
j  jdk.internal.loader.BuiltinClassLoader.loadClassOrNull(Ljava/lang/String;Z)Ljava/lang/Class;+111 java.base@17.0.4
j  jdk.internal.loader.BuiltinClassLoader.loadClass(Ljava/lang/String;Z)Ljava/lang/Class;+3 java.base@17.0.4
j  jdk.internal.loader.ClassLoaders$AppClassLoader.loadClass(Ljava/lang/String;Z)Ljava/lang/Class;+36 java.base@17.0.4
j  java.lang.ClassLoader.loadClass(Ljava/lang/String;)Ljava/lang/Class;+3 java.base@17.0.4
j  sun.instrument.InstrumentationImpl.loadClassAndStartAgent(Ljava/lang/String;Ljava/lang/String;Ljava/lang/String;)V+8 java.instrument@17.0.4
j  sun.instrument.InstrumentationImpl.loadClassAndCallPremain(Ljava/lang/String;Ljava/lang/String;)V+6 java.instrument@17.0.4
v  ~StubRoutines::call_stub

siginfo: EXCEPTION_IN_PAGE_ERROR (0xc0000006), reading address 0x000001a28045a149


Register to memory mapping:

RIP=0x00007ff9f476132c jimage.dll
RAX=0x00004b663700273e is an unknown value
RBX=0x000001a28045a147 points into unknown readable memory: fa
RCX=0x000001a28045a147 points into unknown readable memory: fa
RDX=0x000001a28d81a1e0 points into unknown readable memory: 0x7361622e6176616a | 6a 61 76 61 2e 62 61 73
RSP=0x0000004da0ffcdc0 is pointing into the stack for thread: 0x000001a2feb9f200
RBP=0x0000004da0ffce90 is pointing into the stack for thread: 0x000001a2feb9f200
RSI=0x000001a28045a147 points into unknown readable memory: fa
RDI=0x000001a28045a147 points into unknown readable memory: fa
R8 =0x0000000000000ca3 is an unknown value
R9 =0x0000004da0ffce90 is pointing into the stack for thread: 0x000001a2feb9f200
R10=0x000001a2800c8186 points into unknown readable memory: 00 09
R11=0x0 is NULL
R12=0x0000000000000ca3 is an unknown value
R13=0x000001a28d81a190 points into unknown readable memory: 0x6365732f6176616a | 6a 61 76 61 2f 73 65 63
R14=0x000001a28d81a1e0 points into unknown readable memory: 0x7361622e6176616a | 6a 61 76 61 2e 62 61 73
R15=0x000001a28d81a1e0 points into unknown readable memory: 0x7361622e6176616a | 6a 61 76 61 2e 62 61 73


Registers:
RAX=0x00004b663700273e, RBX=0x000001a28045a147, RCX=0x000001a28045a147, RDX=0x000001a28d81a1e0
RSP=0x0000004da0ffcdc0, RBP=0x0000004da0ffce90, RSI=0x000001a28045a147, RDI=0x000001a28045a147
R8 =0x0000000000000ca3, R9 =0x0000004da0ffce90, R10=0x000001a2800c8186, R11=0x0000000000000000
R12=0x0000000000000ca3, R13=0x000001a28d81a190, R14=0x000001a28d81a1e0, R15=0x000001a28d81a1e0
RIP=0x00007ff9f476132c, EFLAGS=0x0000000000010202

Top of Stack: (sp=0x0000004da0ffcdc0)
0x0000004da0ffcdc0:   0000000000000000 00007ff9c60d10ef
0x0000004da0ffcdd0:   0000004da0ffceb8 000001a28da1c498
0x0000004da0ffcde0:   0000000000000018 000000000000003d
0x0000004da0ffcdf0:   000000006e2d529c 000001a28da1c490
0x0000004da0ffce00:   0000000000000000 000001a28da1c498
0x0000004da0ffce10:   0000000000000000 00004b663700273e
0x0000004da0ffce20:   0000000000000ca3 000001a28d81a1e0
0x0000004da0ffce30:   000001a28d8181a0 000001a2fc9a2350
0x0000004da0ffce40:   00000000002e175d 0000000000000663
0x0000004da0ffce50:   000001a28045a147 00007ff9f4761e97
0x0000004da0ffce60:   0000000000000001 00007ff9c60d1b3e
0x0000004da0ffce70:   000001a2feb9f200 000001a2fc9b3a78
0x0000004da0ffce80:   00007ff9f4766000 000001a28d8181a0
0x0000004da0ffce90:   000001a2800dd171 000000000009b879
0x0000004da0ffcea0:   000001a28d8181a0 000001a2febaffe0
0x0000004da0ffceb0:   000001a2fc9a2350 00007ff9f4761f2e 

Instructions: (pc=0x00007ff9f476132c)
0x00007ff9f476122c:   89 0a c3 cc 48 8d 05 c9 4d 00 00 84 c9 74 07 48
0x00007ff9f476123c:   8d 05 c6 4d 00 00 c3 cc 0f b6 01 0f b6 49 01 66
0x00007ff9f476124c:   c1 e0 08 66 0b c1 c3 cc 0f b7 c2 88 51 01 66 c1
0x00007ff9f476125c:   e8 08 88 01 c3 cc cc cc 48 89 5c 24 08 4c 8b 09
0x00007ff9f476126c:   4c 8b d9 41 b8 04 00 00 00 41 0f b6 01 84 c0 79
0x00007ff9f476127c:   4e 44 0f be c0 24 1f 41 c1 f8 05 41 83 e0 03 0f
0x00007ff9f476128c:   b6 d0 41 83 f8 01 74 57 42 8d 0c c5 f8 ff ff ff
0x00007ff9f476129c:   41 8b d8 d3 e2 48 83 fb 01 76 44 41 ba 01 00 00
0x00007ff9f47612ac:   00 42 8d 0c c5 f0 ff ff ff 43 0f b6 04 11 49 ff
0x00007ff9f47612bc:   c2 d3 e0 83 e9 08 0b d0 4c 3b d3 7c ec eb 20 41
0x00007ff9f47612cc:   0f b6 49 02 8b d0 41 0f b6 41 01 c1 e2 08 0b d0
0x00007ff9f47612dc:   c1 e2 08 0b d1 41 0f b6 49 03 c1 e2 08 0b d1 48
0x00007ff9f47612ec:   8b 5c 24 08 8b c2 41 8b c8 49 03 c9 49 89 0b c3
0x00007ff9f47612fc:   40 53 55 56 57 41 54 41 56 41 57 48 83 ec 60 48
0x00007ff9f476130c:   8b 05 26 4d 00 00 48 33 c4 48 89 44 24 58 49 8b
0x00007ff9f476131c:   e9 4d 8b e0 4c 8b fa 48 8b f1 48 8b d9 48 8b f9
0x00007ff9f476132c:   0f b6 47 02 44 0f b6 47 03 41 c1 e0 08 44 0b c0
0x00007ff9f476133c:   0f b6 47 01 41 c1 e0 08 44 0b c0 0f b6 07 41 c1
0x00007ff9f476134c:   e0 08 44 0b c0 44 89 44 24 30 0f b6 47 0a 0f b6
0x00007ff9f476135c:   57 0b 0f b6 4f 07 48 c1 e2 08 48 0b d0 c1 e1 08
0x00007ff9f476136c:   0f b6 47 09 48 c1 e2 08 48 0b d0 0f b6 47 08 48
0x00007ff9f476137c:   c1 e2 08 48 0b d0 0f b6 47 06 0b c8 48 c1 e2 20
0x00007ff9f476138c:   0f b6 47 05 c1 e1 08 0b c1 c1 e0 08 48 98 48 0b
0x00007ff9f476139c:   d0 0f b6 47 04 48 0b d0 48 89 54 24 38 0f b6 47
0x00007ff9f47613ac:   12 44 0f b6 4f 13 0f b6 4f 0f c1 e1 08 49 c1 e1
0x00007ff9f47613bc:   08 4c 0b c8 0f b6 47 11 49 c1 e1 08 4c 0b c8 0f
0x00007ff9f47613cc:   b6 47 10 49 c1 e1 08 4c 0b c8 0f b6 47 0e 0b c8
0x00007ff9f47613dc:   49 c1 e1 20 0f b6 47 0d c1 e1 08 0b c1 c1 e0 08
0x00007ff9f47613ec:   48 98 4c 0b c8 0f b6 47 0c 4c 0b c8 4c 89 4c 24
0x00007ff9f47613fc:   40 0f b6 47 16 0f b6 4f 17 c1 e1 08 0b c8 0f b6
0x00007ff9f476140c:   47 15 c1 e1 08 0b c8 0f b6 47 14 c1 e1 08 0b c8
0x00007ff9f476141c:   89 4c 24 48 0f b6 47 1a 0f b6 57 1b c1 e2 08 0b 


Stack slot to memory mapping:
stack at sp + 0 slots: 0x0 is NULL
stack at sp + 1 slots: 0x00007ff9c60d10ef jvm.dll
stack at sp + 2 slots: 0x0000004da0ffceb8 is pointing into the stack for thread: 0x000001a2feb9f200
stack at sp + 3 slots: 0x000001a28da1c498 points into unknown readable memory: 0x000001a28d998660 | 60 86 99 8d a2 01 00 00
stack at sp + 4 slots: 0x0000000000000018 is an unknown value
stack at sp + 5 slots: 0x000000000000003d is an unknown value
stack at sp + 6 slots: 0x000000006e2d529c is an unknown value
stack at sp + 7 slots: 0x000001a28da1c490 points into unknown readable memory: 0x0000000000000000 | 00 00 00 00 00 00 00 00


---------------  P R O C E S S  ---------------

Threads class SMR info:
_java_thread_list=0x000001a28d992180, length=13, elements={
0x000001a2feb9f200, 0x000001a2ffb26a80, 0x000001a2ffb31d20, 0x000001a2ffb6d020,
0x000001a2ffb70d00, 0x000001a2ffb725d0, 0x000001a2ffb72e90, 0x000001a2ffb73750,
0x000001a2ffb74830, 0x000001a2ffac98e0, 0x000001a28d200160, 0x000001a28d21d570,
0x000001a28d21da60
}

Java Threads: ( => current thread )
=>0x000001a2feb9f200 JavaThread "main" [_thread_in_vm, id=7712, stack(0x0000004da0f00000,0x0000004da1000000)]
  0x000001a2ffb26a80 JavaThread "Reference Handler" daemon [_thread_blocked, id=16516, stack(0x0000004da1600000,0x0000004da1700000)]
  0x000001a2ffb31d20 JavaThread "Finalizer" daemon [_thread_blocked, id=5320, stack(0x0000004da1700000,0x0000004da1800000)]
  0x000001a2ffb6d020 JavaThread "Signal Dispatcher" daemon [_thread_blocked, id=6432, stack(0x0000004da1800000,0x0000004da1900000)]
  0x000001a2ffb70d00 JavaThread "Attach Listener" daemon [_thread_blocked, id=10596, stack(0x0000004da1900000,0x0000004da1a00000)]
  0x000001a2ffb725d0 JavaThread "Service Thread" daemon [_thread_blocked, id=2636, stack(0x0000004da1a00000,0x0000004da1b00000)]
  0x000001a2ffb72e90 JavaThread "Monitor Deflation Thread" daemon [_thread_blocked, id=15044, stack(0x0000004da1b00000,0x0000004da1c00000)]
  0x000001a2ffb73750 JavaThread "C1 CompilerThread0" daemon [_thread_blocked, id=5312, stack(0x0000004da1c00000,0x0000004da1d00000)]
  0x000001a2ffb74830 JavaThread "Sweeper thread" daemon [_thread_blocked, id=18168, stack(0x0000004da1d00000,0x0000004da1e00000)]
  0x000001a2ffac98e0 JavaThread "Common-Cleaner" daemon [_thread_blocked, id=7896, stack(0x0000004da1e00000,0x0000004da1f00000)]
  0x000001a28d200160 JavaThread "JDWP Transport Listener: dt_socket" daemon [_thread_blocked, id=13548, stack(0x0000004da2000000,0x0000004da2100000)]
  0x000001a28d21d570 JavaThread "JDWP Event Helper Thread" daemon [_thread_blocked, id=18376, stack(0x0000004da2100000,0x0000004da2200000)]
  0x000001a28d21da60 JavaThread "JDWP Command Reader" daemon [_thread_in_native, id=18244, stack(0x0000004da2200000,0x0000004da2300000)]

Other Threads:
  0x000001a2ffb1f610 VMThread "VM Thread" [stack: 0x0000004da1500000,0x0000004da1600000] [id=11696]
  0x000001a2febfbab0 GCTaskThread "GC Thread#0" [stack: 0x0000004da1000000,0x0000004da1100000] [id=15996]
  0x000001a2fec0c6c0 ConcurrentGCThread "G1 Main Marker" [stack: 0x0000004da1100000,0x0000004da1200000] [id=16420]
  0x000001a2fec0cfe0 ConcurrentGCThread "G1 Conc#0" [stack: 0x0000004da1200000,0x0000004da1300000] [id=6784]
  0x000001a2fec647a0 ConcurrentGCThread "G1 Refine#0" [stack: 0x0000004da1300000,0x0000004da1400000] [id=18000]
  0x000001a2fec650d0 ConcurrentGCThread "G1 Service" [stack: 0x0000004da1400000,0x0000004da1500000] [id=16260]

Threads with active compile tasks:

VM state: not at safepoint (normal execution)

VM Mutex/Monitor currently owned by a thread: None

Heap address: 0x0000000081200000, size: 2030 MB, Compressed Oops mode: 32-bit

CDS archive(s) not mapped
Compressed class space mapped at: 0x0000000100000000-0x0000000140000000, reserved size: 1073741824
Narrow klass base: 0x0000000000000000, Narrow klass shift: 3, Narrow klass range: 0x140000000

GC Precious Log:
 CPUs: 4 total, 4 available
 Memory: 8118M
 Large Page Support: Disabled
 NUMA Support: Disabled
 Compressed Oops: Enabled (32-bit)
 Heap Region Size: 1M
 Heap Min Capacity: 8M
 Heap Initial Capacity: 128M
 Heap Max Capacity: 2030M
 Pre-touch: Disabled
 Parallel Workers: 4
 Concurrent Workers: 1
 Concurrent Refinement Workers: 4
 Periodic GC: Disabled

Heap:
 garbage-first heap   total 131072K, used 9216K [0x0000000081200000, 0x0000000100000000)
  region size 1024K, 10 young (10240K), 0 survivors (0K)
 Metaspace       used 9240K, committed 9408K, reserved 1064960K
  class space    used 821K, committed 896K, reserved 1048576K

Heap Regions: E=young(eden), S=young(survivor), O=old, HS=humongous(starts), HC=humongous(continues), CS=collection set, F=free, OA=open archive, CA=closed archive, TAMS=top-at-mark-start (previous, next)
|   0|0x0000000081200000, 0x0000000081300000, 0x0000000081300000|100%|HS|  |TAMS 0x0000000081200000, 0x0000000081200000| Complete 
|   1|0x0000000081300000, 0x0000000081300000, 0x0000000081400000|  0%| F|  |TAMS 0x0000000081300000, 0x0000000081300000| Untracked 
|   2|0x0000000081400000, 0x0000000081400000, 0x0000000081500000|  0%| F|  |TAMS 0x0000000081400000, 0x0000000081400000| Untracked 
|   3|0x0000000081500000, 0x0000000081500000, 0x0000000081600000|  0%| F|  |TAMS 0x0000000081500000, 0x0000000081500000| Untracked 
|   4|0x0000000081600000, 0x0000000081600000, 0x0000000081700000|  0%| F|  |TAMS 0x0000000081600000, 0x0000000081600000| Untracked 
|   5|0x0000000081700000, 0x0000000081700000, 0x0000000081800000|  0%| F|  |TAMS 0x0000000081700000, 0x0000000081700000| Untracked 
|   6|0x0000000081800000, 0x0000000081800000, 0x0000000081900000|  0%| F|  |TAMS 0x0000000081800000, 0x0000000081800000| Untracked 
|   7|0x0000000081900000, 0x0000000081900000, 0x0000000081a00000|  0%| F|  |TAMS 0x0000000081900000, 0x0000000081900000| Untracked 
|   8|0x0000000081a00000, 0x0000000081a00000, 0x0000000081b00000|  0%| F|  |TAMS 0x0000000081a00000, 0x0000000081a00000| Untracked 
|   9|0x0000000081b00000, 0x0000000081b00000, 0x0000000081c00000|  0%| F|  |TAMS 0x0000000081b00000, 0x0000000081b00000| Untracked 
|  10|0x0000000081c00000, 0x0000000081c00000, 0x0000000081d00000|  0%| F|  |TAMS 0x0000000081c00000, 0x0000000081c00000| Untracked 
|  11|0x0000000081d00000, 0x0000000081d00000, 0x0000000081e00000|  0%| F|  |TAMS 0x0000000081d00000, 0x0000000081d00000| Untracked 
|  12|0x0000000081e00000, 0x0000000081e00000, 0x0000000081f00000|  0%| F|  |TAMS 0x0000000081e00000, 0x0000000081e00000| Untracked 
|  13|0x0000000081f00000, 0x0000000081f00000, 0x0000000082000000|  0%| F|  |TAMS 0x0000000081f00000, 0x0000000081f00000| Untracked 
|  14|0x0000000082000000, 0x0000000082000000, 0x0000000082100000|  0%| F|  |TAMS 0x0000000082000000, 0x0000000082000000| Untracked 
|  15|0x0000000082100000, 0x0000000082100000, 0x0000000082200000|  0%| F|  |TAMS 0x0000000082100000, 0x0000000082100000| Untracked 
|  16|0x0000000082200000, 0x0000000082200000, 0x0000000082300000|  0%| F|  |TAMS 0x0000000082200000, 0x0000000082200000| Untracked 
|  17|0x0000000082300000, 0x0000000082300000, 0x0000000082400000|  0%| F|  |TAMS 0x0000000082300000, 0x0000000082300000| Untracked 
|  18|0x0000000082400000, 0x0000000082400000, 0x0000000082500000|  0%| F|  |TAMS 0x0000000082400000, 0x0000000082400000| Untracked 
|  19|0x0000000082500000, 0x0000000082500000, 0x0000000082600000|  0%| F|  |TAMS 0x0000000082500000, 0x0000000082500000| Untracked 
|  20|0x0000000082600000, 0x0000000082600000, 0x0000000082700000|  0%| F|  |TAMS 0x0000000082600000, 0x0000000082600000| Untracked 
|  21|0x0000000082700000, 0x0000000082700000, 0x0000000082800000|  0%| F|  |TAMS 0x0000000082700000, 0x0000000082700000| Untracked 
|  22|0x0000000082800000, 0x0000000082800000, 0x0000000082900000|  0%| F|  |TAMS 0x0000000082800000, 0x0000000082800000| Untracked 
|  23|0x0000000082900000, 0x0000000082900000, 0x0000000082a00000|  0%| F|  |TAMS 0x0000000082900000, 0x0000000082900000| Untracked 
|  24|0x0000000082a00000, 0x0000000082a00000, 0x0000000082b00000|  0%| F|  |TAMS 0x0000000082a00000, 0x0000000082a00000| Untracked 
|  25|0x0000000082b00000, 0x0000000082b00000, 0x0000000082c00000|  0%| F|  |TAMS 0x0000000082b00000, 0x0000000082b00000| Untracked 
|  26|0x0000000082c00000, 0x0000000082c00000, 0x0000000082d00000|  0%| F|  |TAMS 0x0000000082c00000, 0x0000000082c00000| Untracked 
|  27|0x0000000082d00000, 0x0000000082d00000, 0x0000000082e00000|  0%| F|  |TAMS 0x0000000082d00000, 0x0000000082d00000| Untracked 
|  28|0x0000000082e00000, 0x0000000082e00000, 0x0000000082f00000|  0%| F|  |TAMS 0x0000000082e00000, 0x0000000082e00000| Untracked 
|  29|0x0000000082f00000, 0x0000000082f00000, 0x0000000083000000|  0%| F|  |TAMS 0x0000000082f00000, 0x0000000082f00000| Untracked 
|  30|0x0000000083000000, 0x0000000083000000, 0x0000000083100000|  0%| F|  |TAMS 0x0000000083000000, 0x0000000083000000| Untracked 
|  31|0x0000000083100000, 0x0000000083100000, 0x0000000083200000|  0%| F|  |TAMS 0x0000000083100000, 0x0000000083100000| Untracked 
|  32|0x0000000083200000, 0x0000000083200000, 0x0000000083300000|  0%| F|  |TAMS 0x0000000083200000, 0x0000000083200000| Untracked 
|  33|0x0000000083300000, 0x0000000083300000, 0x0000000083400000|  0%| F|  |TAMS 0x0000000083300000, 0x0000000083300000| Untracked 
|  34|0x0000000083400000, 0x0000000083400000, 0x0000000083500000|  0%| F|  |TAMS 0x0000000083400000, 0x0000000083400000| Untracked 
|  35|0x0000000083500000, 0x0000000083500000, 0x0000000083600000|  0%| F|  |TAMS 0x0000000083500000, 0x0000000083500000| Untracked 
|  36|0x0000000083600000, 0x0000000083600000, 0x0000000083700000|  0%| F|  |TAMS 0x0000000083600000, 0x0000000083600000| Untracked 
|  37|0x0000000083700000, 0x0000000083700000, 0x0000000083800000|  0%| F|  |TAMS 0x0000000083700000, 0x0000000083700000| Untracked 
|  38|0x0000000083800000, 0x0000000083800000, 0x0000000083900000|  0%| F|  |TAMS 0x0000000083800000, 0x0000000083800000| Untracked 
|  39|0x0000000083900000, 0x0000000083900000, 0x0000000083a00000|  0%| F|  |TAMS 0x0000000083900000, 0x0000000083900000| Untracked 
|  40|0x0000000083a00000, 0x0000000083a00000, 0x0000000083b00000|  0%| F|  |TAMS 0x0000000083a00000, 0x0000000083a00000| Untracked 
|  41|0x0000000083b00000, 0x0000000083b00000, 0x0000000083c00000|  0%| F|  |TAMS 0x0000000083b00000, 0x0000000083b00000| Untracked 
|  42|0x0000000083c00000, 0x0000000083c00000, 0x0000000083d00000|  0%| F|  |TAMS 0x0000000083c00000, 0x0000000083c00000| Untracked 
|  43|0x0000000083d00000, 0x0000000083d00000, 0x0000000083e00000|  0%| F|  |TAMS 0x0000000083d00000, 0x0000000083d00000| Untracked 
|  44|0x0000000083e00000, 0x0000000083e00000, 0x0000000083f00000|  0%| F|  |TAMS 0x0000000083e00000, 0x0000000083e00000| Untracked 
|  45|0x0000000083f00000, 0x0000000083f00000, 0x0000000084000000|  0%| F|  |TAMS 0x0000000083f00000, 0x0000000083f00000| Untracked 
|  46|0x0000000084000000, 0x0000000084000000, 0x0000000084100000|  0%| F|  |TAMS 0x0000000084000000, 0x0000000084000000| Untracked 
|  47|0x0000000084100000, 0x0000000084100000, 0x0000000084200000|  0%| F|  |TAMS 0x0000000084100000, 0x0000000084100000| Untracked 
|  48|0x0000000084200000, 0x0000000084200000, 0x0000000084300000|  0%| F|  |TAMS 0x0000000084200000, 0x0000000084200000| Untracked 
|  49|0x0000000084300000, 0x0000000084300000, 0x0000000084400000|  0%| F|  |TAMS 0x0000000084300000, 0x0000000084300000| Untracked 
|  50|0x0000000084400000, 0x0000000084400000, 0x0000000084500000|  0%| F|  |TAMS 0x0000000084400000, 0x0000000084400000| Untracked 
|  51|0x0000000084500000, 0x0000000084500000, 0x0000000084600000|  0%| F|  |TAMS 0x0000000084500000, 0x0000000084500000| Untracked 
|  52|0x0000000084600000, 0x0000000084600000, 0x0000000084700000|  0%| F|  |TAMS 0x0000000084600000, 0x0000000084600000| Untracked 
|  53|0x0000000084700000, 0x0000000084700000, 0x0000000084800000|  0%| F|  |TAMS 0x0000000084700000, 0x0000000084700000| Untracked 
|  54|0x0000000084800000, 0x0000000084800000, 0x0000000084900000|  0%| F|  |TAMS 0x0000000084800000, 0x0000000084800000| Untracked 
|  55|0x0000000084900000, 0x0000000084900000, 0x0000000084a00000|  0%| F|  |TAMS 0x0000000084900000, 0x0000000084900000| Untracked 
|  56|0x0000000084a00000, 0x0000000084a00000, 0x0000000084b00000|  0%| F|  |TAMS 0x0000000084a00000, 0x0000000084a00000| Untracked 
|  57|0x0000000084b00000, 0x0000000084b00000, 0x0000000084c00000|  0%| F|  |TAMS 0x0000000084b00000, 0x0000000084b00000| Untracked 
|  58|0x0000000084c00000, 0x0000000084c00000, 0x0000000084d00000|  0%| F|  |TAMS 0x0000000084c00000, 0x0000000084c00000| Untracked 
|  59|0x0000000084d00000, 0x0000000084d00000, 0x0000000084e00000|  0%| F|  |TAMS 0x0000000084d00000, 0x0000000084d00000| Untracked 
|  60|0x0000000084e00000, 0x0000000084e00000, 0x0000000084f00000|  0%| F|  |TAMS 0x0000000084e00000, 0x0000000084e00000| Untracked 
|  61|0x0000000084f00000, 0x0000000084f00000, 0x0000000085000000|  0%| F|  |TAMS 0x0000000084f00000, 0x0000000084f00000| Untracked 
|  62|0x0000000085000000, 0x0000000085000000, 0x0000000085100000|  0%| F|  |TAMS 0x0000000085000000, 0x0000000085000000| Untracked 
|  63|0x0000000085100000, 0x0000000085100000, 0x0000000085200000|  0%| F|  |TAMS 0x0000000085100000, 0x0000000085100000| Untracked 
|  64|0x0000000085200000, 0x0000000085200000, 0x0000000085300000|  0%| F|  |TAMS 0x0000000085200000, 0x0000000085200000| Untracked 
|  65|0x0000000085300000, 0x0000000085300000, 0x0000000085400000|  0%| F|  |TAMS 0x0000000085300000, 0x0000000085300000| Untracked 
|  66|0x0000000085400000, 0x0000000085400000, 0x0000000085500000|  0%| F|  |TAMS 0x0000000085400000, 0x0000000085400000| Untracked 
|  67|0x0000000085500000, 0x0000000085500000, 0x0000000085600000|  0%| F|  |TAMS 0x0000000085500000, 0x0000000085500000| Untracked 
|  68|0x0000000085600000, 0x0000000085600000, 0x0000000085700000|  0%| F|  |TAMS 0x0000000085600000, 0x0000000085600000| Untracked 
|  69|0x0000000085700000, 0x0000000085700000, 0x0000000085800000|  0%| F|  |TAMS 0x0000000085700000, 0x0000000085700000| Untracked 
|  70|0x0000000085800000, 0x0000000085800000, 0x0000000085900000|  0%| F|  |TAMS 0x0000000085800000, 0x0000000085800000| Untracked 
|  71|0x0000000085900000, 0x0000000085900000, 0x0000000085a00000|  0%| F|  |TAMS 0x0000000085900000, 0x0000000085900000| Untracked 
|  72|0x0000000085a00000, 0x0000000085a00000, 0x0000000085b00000|  0%| F|  |TAMS 0x0000000085a00000, 0x0000000085a00000| Untracked 
|  73|0x0000000085b00000, 0x0000000085b00000, 0x0000000085c00000|  0%| F|  |TAMS 0x0000000085b00000, 0x0000000085b00000| Untracked 
|  74|0x0000000085c00000, 0x0000000085c00000, 0x0000000085d00000|  0%| F|  |TAMS 0x0000000085c00000, 0x0000000085c00000| Untracked 
|  75|0x0000000085d00000, 0x0000000085d00000, 0x0000000085e00000|  0%| F|  |TAMS 0x0000000085d00000, 0x0000000085d00000| Untracked 
|  76|0x0000000085e00000, 0x0000000085e00000, 0x0000000085f00000|  0%| F|  |TAMS 0x0000000085e00000, 0x0000000085e00000| Untracked 
|  77|0x0000000085f00000, 0x0000000085f00000, 0x0000000086000000|  0%| F|  |TAMS 0x0000000085f00000, 0x0000000085f00000| Untracked 
|  78|0x0000000086000000, 0x0000000086000000, 0x0000000086100000|  0%| F|  |TAMS 0x0000000086000000, 0x0000000086000000| Untracked 
|  79|0x0000000086100000, 0x0000000086100000, 0x0000000086200000|  0%| F|  |TAMS 0x0000000086100000, 0x0000000086100000| Untracked 
|  80|0x0000000086200000, 0x0000000086200000, 0x0000000086300000|  0%| F|  |TAMS 0x0000000086200000, 0x0000000086200000| Untracked 
|  81|0x0000000086300000, 0x0000000086300000, 0x0000000086400000|  0%| F|  |TAMS 0x0000000086300000, 0x0000000086300000| Untracked 
|  82|0x0000000086400000, 0x0000000086400000, 0x0000000086500000|  0%| F|  |TAMS 0x0000000086400000, 0x0000000086400000| Untracked 
|  83|0x0000000086500000, 0x0000000086500000, 0x0000000086600000|  0%| F|  |TAMS 0x0000000086500000, 0x0000000086500000| Untracked 
|  84|0x0000000086600000, 0x0000000086600000, 0x0000000086700000|  0%| F|  |TAMS 0x0000000086600000, 0x0000000086600000| Untracked 
|  85|0x0000000086700000, 0x0000000086700000, 0x0000000086800000|  0%| F|  |TAMS 0x0000000086700000, 0x0000000086700000| Untracked 
|  86|0x0000000086800000, 0x0000000086800000, 0x0000000086900000|  0%| F|  |TAMS 0x0000000086800000, 0x0000000086800000| Untracked 
|  87|0x0000000086900000, 0x0000000086900000, 0x0000000086a00000|  0%| F|  |TAMS 0x0000000086900000, 0x0000000086900000| Untracked 
|  88|0x0000000086a00000, 0x0000000086a00000, 0x0000000086b00000|  0%| F|  |TAMS 0x0000000086a00000, 0x0000000086a00000| Untracked 
|  89|0x0000000086b00000, 0x0000000086b00000, 0x0000000086c00000|  0%| F|  |TAMS 0x0000000086b00000, 0x0000000086b00000| Untracked 
|  90|0x0000000086c00000, 0x0000000086c00000, 0x0000000086d00000|  0%| F|  |TAMS 0x0000000086c00000, 0x0000000086c00000| Untracked 
|  91|0x0000000086d00000, 0x0000000086d00000, 0x0000000086e00000|  0%| F|  |TAMS 0x0000000086d00000, 0x0000000086d00000| Untracked 
|  92|0x0000000086e00000, 0x0000000086e00000, 0x0000000086f00000|  0%| F|  |TAMS 0x0000000086e00000, 0x0000000086e00000| Untracked 
|  93|0x0000000086f00000, 0x0000000086f00000, 0x0000000087000000|  0%| F|  |TAMS 0x0000000086f00000, 0x0000000086f00000| Untracked 
|  94|0x0000000087000000, 0x0000000087000000, 0x0000000087100000|  0%| F|  |TAMS 0x0000000087000000, 0x0000000087000000| Untracked 
|  95|0x0000000087100000, 0x0000000087100000, 0x0000000087200000|  0%| F|  |TAMS 0x0000000087100000, 0x0000000087100000| Untracked 
|  96|0x0000000087200000, 0x0000000087200000, 0x0000000087300000|  0%| F|  |TAMS 0x0000000087200000, 0x0000000087200000| Untracked 
|  97|0x0000000087300000, 0x0000000087300000, 0x0000000087400000|  0%| F|  |TAMS 0x0000000087300000, 0x0000000087300000| Untracked 
|  98|0x0000000087400000, 0x0000000087400000, 0x0000000087500000|  0%| F|  |TAMS 0x0000000087400000, 0x0000000087400000| Untracked 
|  99|0x0000000087500000, 0x0000000087500000, 0x0000000087600000|  0%| F|  |TAMS 0x0000000087500000, 0x0000000087500000| Untracked 
| 100|0x0000000087600000, 0x0000000087600000, 0x0000000087700000|  0%| F|  |TAMS 0x0000000087600000, 0x0000000087600000| Untracked 
| 101|0x0000000087700000, 0x0000000087700000, 0x0000000087800000|  0%| F|  |TAMS 0x0000000087700000, 0x0000000087700000| Untracked 
| 102|0x0000000087800000, 0x0000000087800000, 0x0000000087900000|  0%| F|  |TAMS 0x0000000087800000, 0x0000000087800000| Untracked 
| 103|0x0000000087900000, 0x0000000087900000, 0x0000000087a00000|  0%| F|  |TAMS 0x0000000087900000, 0x0000000087900000| Untracked 
| 104|0x0000000087a00000, 0x0000000087a00000, 0x0000000087b00000|  0%| F|  |TAMS 0x0000000087a00000, 0x0000000087a00000| Untracked 
| 105|0x0000000087b00000, 0x0000000087b00000, 0x0000000087c00000|  0%| F|  |TAMS 0x0000000087b00000, 0x0000000087b00000| Untracked 
| 106|0x0000000087c00000, 0x0000000087c00000, 0x0000000087d00000|  0%| F|  |TAMS 0x0000000087c00000, 0x0000000087c00000| Untracked 
| 107|0x0000000087d00000, 0x0000000087d00000, 0x0000000087e00000|  0%| F|  |TAMS 0x0000000087d00000, 0x0000000087d00000| Untracked 
| 108|0x0000000087e00000, 0x0000000087e00000, 0x0000000087f00000|  0%| F|  |TAMS 0x0000000087e00000, 0x0000000087e00000| Untracked 
| 109|0x0000000087f00000, 0x0000000087f00000, 0x0000000088000000|  0%| F|  |TAMS 0x0000000087f00000, 0x0000000087f00000| Untracked 
| 110|0x0000000088000000, 0x0000000088000000, 0x0000000088100000|  0%| F|  |TAMS 0x0000000088000000, 0x0000000088000000| Untracked 
| 111|0x0000000088100000, 0x0000000088100000, 0x0000000088200000|  0%| F|  |TAMS 0x0000000088100000, 0x0000000088100000| Untracked 
| 112|0x0000000088200000, 0x0000000088200000, 0x0000000088300000|  0%| F|  |TAMS 0x0000000088200000, 0x0000000088200000| Untracked 
| 113|0x0000000088300000, 0x0000000088300000, 0x0000000088400000|  0%| F|  |TAMS 0x0000000088300000, 0x0000000088300000| Untracked 
| 114|0x0000000088400000, 0x0000000088400000, 0x0000000088500000|  0%| F|  |TAMS 0x0000000088400000, 0x0000000088400000| Untracked 
| 115|0x0000000088500000, 0x0000000088500000, 0x0000000088600000|  0%| F|  |TAMS 0x0000000088500000, 0x0000000088500000| Untracked 
| 116|0x0000000088600000, 0x0000000088600000, 0x0000000088700000|  0%| F|  |TAMS 0x0000000088600000, 0x0000000088600000| Untracked 
| 117|0x0000000088700000, 0x0000000088700000, 0x0000000088800000|  0%| F|  |TAMS 0x0000000088700000, 0x0000000088700000| Untracked 
| 118|0x0000000088800000, 0x0000000088886280, 0x0000000088900000| 52%| E|  |TAMS 0x0000000088800000, 0x0000000088800000| Complete 
| 119|0x0000000088900000, 0x0000000088a00000, 0x0000000088a00000|100%| E|CS|TAMS 0x0000000088900000, 0x0000000088900000| Complete 
| 120|0x0000000088a00000, 0x0000000088b00000, 0x0000000088b00000|100%| E|CS|TAMS 0x0000000088a00000, 0x0000000088a00000| Complete 
| 121|0x0000000088b00000, 0x0000000088c00000, 0x0000000088c00000|100%| E|CS|TAMS 0x0000000088b00000, 0x0000000088b00000| Complete 
| 122|0x0000000088c00000, 0x0000000088d00000, 0x0000000088d00000|100%| E|  |TAMS 0x0000000088c00000, 0x0000000088c00000| Complete 
| 123|0x0000000088d00000, 0x0000000088e00000, 0x0000000088e00000|100%| E|CS|TAMS 0x0000000088d00000, 0x0000000088d00000| Complete 
| 124|0x0000000088e00000, 0x0000000088f00000, 0x0000000088f00000|100%| E|CS|TAMS 0x0000000088e00000, 0x0000000088e00000| Complete 
| 125|0x0000000088f00000, 0x0000000089000000, 0x0000000089000000|100%| E|CS|TAMS 0x0000000088f00000, 0x0000000088f00000| Complete 
| 126|0x0000000089000000, 0x0000000089100000, 0x0000000089100000|100%| E|CS|TAMS 0x0000000089000000, 0x0000000089000000| Complete 
| 127|0x0000000089100000, 0x0000000089200000, 0x0000000089200000|100%| E|CS|TAMS 0x0000000089100000, 0x0000000089100000| Complete 

Card table byte_map: [0x000001a2ff070000,0x000001a2ff470000] _byte_map_base: 0x000001a2fec67000

Marking Bits (Prev, Next): (CMBitMap*) 0x000001a2febfbfd0, (CMBitMap*) 0x000001a2febfc010
 Prev Bits: [0x000001a2865f0000, 0x000001a2885a8000)
 Next Bits: [0x000001a2885b0000, 0x000001a28a568000)

Polling page: 0x000001a2fcb10000

Metaspace:

Usage:
  Non-class:      8.22 MB used.
      Class:    821.14 KB used.
       Both:      9.02 MB used.

Virtual space:
  Non-class space:       16.00 MB reserved,       8.31 MB ( 52%) committed,  2 nodes.
      Class space:        1.00 GB reserved,     896.00 KB ( <1%) committed,  1 nodes.
             Both:        1.02 GB reserved,       9.19 MB ( <1%) committed. 

Chunk freelists:
   Non-Class:  2.99 MB
       Class:  3.12 MB
        Both:  6.12 MB

MaxMetaspaceSize: unlimited
CompressedClassSpaceSize: 1.00 GB
Initial GC threshold: 21.00 MB
Current GC threshold: 21.00 MB
CDS: off
MetaspaceReclaimPolicy: balanced
 - commit_granule_bytes: 65536.
 - commit_granule_words: 8192.
 - virtual_space_node_default_size: 1048576.
 - enlarge_chunks_in_place: 1.
 - new_chunks_are_fully_committed: 0.
 - uncommit_free_chunks: 1.
 - use_allocation_guard: 0.
 - handle_deallocations: 1.


Internal statistics:

num_allocs_failed_limit: 0.
num_arena_births: 6.
num_arena_deaths: 0.
num_vsnodes_births: 3.
num_vsnodes_deaths: 0.
num_space_committed: 147.
num_space_uncommitted: 0.
num_chunks_returned_to_freelist: 0.
num_chunks_taken_from_freelist: 28.
num_chunk_merges: 0.
num_chunk_splits: 7.
num_chunks_enlarged: 3.
num_purges: 0.
num_inconsistent_stats: 0.

CodeCache: size=49152Kb used=1761Kb max_used=2223Kb free=47390Kb
 bounds [0x000001a2835f0000, 0x000001a283860000, 0x000001a2865f0000]
 total_blobs=848 nmethods=450 adapters=326
 compilation: enabled
              stopped_count=0, restarted_count=0
 full_count=0

Compilation events (20 events):
Event: 8.074 Thread 0x000001a2ffb73750  441       1       java.math.BigInteger::implMulAdd (81 bytes)
Event: 8.075 Thread 0x000001a2ffb73750 nmethod 441 0x000001a28379d510 code [0x000001a28379d6a0, 0x000001a28379d838]
Event: 8.076 Thread 0x000001a2ffb73750  442       1       java.math.BigInteger::mulAdd (19 bytes)
Event: 8.076 Thread 0x000001a2ffb73750 nmethod 442 0x000001a28379d190 code [0x000001a28379d340, 0x000001a28379d458]
Event: 8.076 Thread 0x000001a2ffb73750  443       1       java.math.BigInteger::implMulAddCheck (176 bytes)
Event: 8.080 Thread 0x000001a2ffb73750 nmethod 443 0x000001a28379b910 code [0x000001a28379bc80, 0x000001a28379ca38]
Event: 8.080 Thread 0x000001a2ffb73750  444       1       java.math.BigInteger::addOne (77 bytes)
Event: 8.080 Thread 0x000001a2ffb73750 nmethod 444 0x000001a28379b410 code [0x000001a28379b5c0, 0x000001a28379b7d8]
Event: 8.081 Thread 0x000001a2ffb73750  445       1       sun.security.util.DerValue::isPrintableStringChar (184 bytes)
Event: 8.082 Thread 0x000001a2ffb73750 nmethod 445 0x000001a28379b090 code [0x000001a28379b220, 0x000001a28379b398]
Event: 8.082 Thread 0x000001a2ffb73750  449       1       java.lang.Integer::stringSize (47 bytes)
Event: 8.082 Thread 0x000001a2ffb73750 nmethod 449 0x000001a28379ad10 code [0x000001a28379aea0, 0x000001a28379afd8]
Event: 8.082 Thread 0x000001a2ffb73750  450       1       java.lang.Integer::getChars (131 bytes)
Event: 8.083 Thread 0x000001a2ffb73750 nmethod 450 0x000001a28379a690 code [0x000001a28379a840, 0x000001a28379aab8]
Event: 8.083 Thread 0x000001a2ffb73750  446       1       java.lang.Character::isWhitespace (5 bytes)
Event: 8.084 Thread 0x000001a2ffb73750 nmethod 446 0x000001a28379a310 code [0x000001a28379a4c0, 0x000001a28379a5b8]
Event: 8.084 Thread 0x000001a2ffb73750  447       1       java.lang.Character::isWhitespace (9 bytes)
Event: 8.084 Thread 0x000001a2ffb73750 nmethod 447 0x000001a283799f90 code [0x000001a28379a140, 0x000001a28379a238]
Event: 8.084 Thread 0x000001a2ffb73750  448       1       java.lang.CharacterDataLatin1::isWhitespace (23 bytes)
Event: 8.084 Thread 0x000001a2ffb73750 nmethod 448 0x000001a283799c10 code [0x000001a283799da0, 0x000001a283799eb8]

GC Heap History (0 events):
No events

Deoptimization events (0 events):
No events

Classes unloaded (0 events):
No events

Classes redefined (0 events):
No events

Internal exceptions (0 events):
No events

VM Operations (16 events):
Event: 0.266 Executing VM operation: HandshakeAllThreads
Event: 0.266 Executing VM operation: HandshakeAllThreads done
Event: 1.281 Executing VM operation: Cleanup
Event: 1.281 Executing VM operation: Cleanup done
Event: 1.430 Executing VM operation: ChangeBreakpoints
Event: 1.430 Executing VM operation: ChangeBreakpoints done
Event: 1.560 Executing VM operation: ChangeBreakpoints
Event: 1.560 Executing VM operation: ChangeBreakpoints done
Event: 4.598 Executing VM operation: Cleanup
Event: 4.598 Executing VM operation: Cleanup done
Event: 4.645 Executing VM operation: HandshakeAllThreads
Event: 4.645 Executing VM operation: HandshakeAllThreads done
Event: 5.658 Executing VM operation: Cleanup
Event: 6.869 Executing VM operation: Cleanup done
Event: 7.873 Executing VM operation: Cleanup
Event: 7.935 Executing VM operation: Cleanup done

Events (20 events):
Event: 8.052 loading class java/security/interfaces/RSAPrivateCrtKey done
Event: 8.052 loading class sun/security/rsa/RSAPrivateCrtKeyImpl done
Event: 8.052 loading class sun/security/rsa/RSACore
Event: 8.053 loading class sun/security/rsa/RSACore done
Event: 8.054 loading class java/util/concurrent/locks/ReentrantLock$NonfairSync
Event: 8.054 loading class java/util/concurrent/locks/ReentrantLock$Sync
Event: 8.054 loading class java/util/concurrent/locks/AbstractQueuedSynchronizer
Event: 8.067 loading class java/util/concurrent/locks/AbstractQueuedSynchronizer done
Event: 8.067 loading class java/util/concurrent/locks/ReentrantLock$Sync done
Event: 8.067 loading class java/util/concurrent/locks/ReentrantLock$NonfairSync done
Event: 8.068 loading class sun/security/rsa/RSAPadding
Event: 8.069 loading class sun/security/rsa/RSAPadding done
Event: 8.069 loading class java/math/MutableBigInteger
Event: 8.072 loading class java/math/MutableBigInteger done
Event: 8.080 loading class javax/crypto/BadPaddingException
Event: 8.080 loading class java/security/GeneralSecurityException
Event: 8.080 loading class java/security/GeneralSecurityException done
Event: 8.080 loading class javax/crypto/BadPaddingException done
Event: 8.082 loading class sun/security/provider/certpath/X509CertPath
Event: 9.106 loading class java/security/cert/CertPath


Dynamic libraries:
0x00007ff62fba0000 - 0x00007ff62fbae000 	D:\Downloads\sts-4.15.3.RELEASE\plugins\org.eclipse.justj.openjdk.hotspot.jre.full.win32.x86_64_17.0.4.v20220805-1047\jre\bin\javaw.exe
0x00007ff9fbf70000 - 0x00007ff9fc168000 	C:\Windows\SYSTEM32\ntdll.dll
0x00007ff9fb800000 - 0x00007ff9fb8bd000 	C:\Windows\System32\KERNEL32.DLL
0x00007ff9f99b0000 - 0x00007ff9f9ca6000 	C:\Windows\System32\KERNELBASE.dll
0x00007ff9f98b0000 - 0x00007ff9f99b0000 	C:\Windows\System32\ucrtbase.dll
0x00007ff9f0e20000 - 0x00007ff9f0e38000 	D:\Downloads\sts-4.15.3.RELEASE\plugins\org.eclipse.justj.openjdk.hotspot.jre.full.win32.x86_64_17.0.4.v20220805-1047\jre\bin\jli.dll
0x00007ff9e2490000 - 0x00007ff9e24a9000 	D:\Downloads\sts-4.15.3.RELEASE\plugins\org.eclipse.justj.openjdk.hotspot.jre.full.win32.x86_64_17.0.4.v20220805-1047\jre\bin\VCRUNTIME140.dll
0x00007ff9fb5b0000 - 0x00007ff9fb74e000 	C:\Windows\System32\USER32.dll
0x00007ff9ebd50000 - 0x00007ff9ebfea000 	C:\Windows\WinSxS\amd64_microsoft.windows.common-controls_6595b64144ccf1df_6.0.19041.1110_none_60b5254171f9507e\COMCTL32.dll
0x00007ff9f9650000 - 0x00007ff9f9672000 	C:\Windows\System32\win32u.dll
0x00007ff9fa4d0000 - 0x00007ff9fa4fc000 	C:\Windows\System32\GDI32.dll
0x00007ff9fba00000 - 0x00007ff9fba9e000 	C:\Windows\System32\msvcrt.dll
0x00007ff9f9790000 - 0x00007ff9f98aa000 	C:\Windows\System32\gdi32full.dll
0x00007ff9f9f30000 - 0x00007ff9f9fcd000 	C:\Windows\System32\msvcp_win.dll
0x00007ff9fa3d0000 - 0x00007ff9fa400000 	C:\Windows\System32\IMM32.DLL
0x00007ff9ea660000 - 0x00007ff9ea66c000 	D:\Downloads\sts-4.15.3.RELEASE\plugins\org.eclipse.justj.openjdk.hotspot.jre.full.win32.x86_64_17.0.4.v20220805-1047\jre\bin\vcruntime140_1.dll
0x00007ff9db160000 - 0x00007ff9db1f1000 	D:\Downloads\sts-4.15.3.RELEASE\plugins\org.eclipse.justj.openjdk.hotspot.jre.full.win32.x86_64_17.0.4.v20220805-1047\jre\bin\msvcp140.dll
0x00007ff9c5930000 - 0x00007ff9c6576000 	D:\Downloads\sts-4.15.3.RELEASE\plugins\org.eclipse.justj.openjdk.hotspot.jre.full.win32.x86_64_17.0.4.v20220805-1047\jre\bin\server\jvm.dll
0x00007ff9fb750000 - 0x00007ff9fb7fe000 	C:\Windows\System32\ADVAPI32.dll
0x00007ff9fa330000 - 0x00007ff9fa3cc000 	C:\Windows\System32\sechost.dll
0x00007ff9fb190000 - 0x00007ff9fb2b6000 	C:\Windows\System32\RPCRT4.dll
0x00007ff9fa7c0000 - 0x00007ff9fa7c8000 	C:\Windows\System32\PSAPI.DLL
0x00007ff9f3620000 - 0x00007ff9f3647000 	C:\Windows\SYSTEM32\WINMM.dll
0x00007ff9f7d50000 - 0x00007ff9f7d59000 	C:\Windows\SYSTEM32\WSOCK32.dll
0x00007ff9eeab0000 - 0x00007ff9eeaba000 	C:\Windows\SYSTEM32\VERSION.dll
0x00007ff9fb2c0000 - 0x00007ff9fb32b000 	C:\Windows\System32\WS2_32.dll
0x00007ff9f7ec0000 - 0x00007ff9f7ed2000 	C:\Windows\SYSTEM32\kernel.appcore.dll
0x00007ff9f4760000 - 0x00007ff9f476a000 	D:\Downloads\sts-4.15.3.RELEASE\plugins\org.eclipse.justj.openjdk.hotspot.jre.full.win32.x86_64_17.0.4.v20220805-1047\jre\bin\jimage.dll
0x00007ff9f73a0000 - 0x00007ff9f7584000 	C:\Windows\SYSTEM32\DBGHELP.DLL
0x00007ff9e7190000 - 0x00007ff9e71c4000 	C:\Windows\SYSTEM32\dbgcore.DLL
0x00007ff9f96b0000 - 0x00007ff9f9732000 	C:\Windows\System32\bcryptPrimitives.dll
0x00007ff9cad50000 - 0x00007ff9cad8b000 	D:\Downloads\sts-4.15.3.RELEASE\plugins\org.eclipse.justj.openjdk.hotspot.jre.full.win32.x86_64_17.0.4.v20220805-1047\jre\bin\jdwp.dll
0x00007ff9f4730000 - 0x00007ff9f473e000 	D:\Downloads\sts-4.15.3.RELEASE\plugins\org.eclipse.justj.openjdk.hotspot.jre.full.win32.x86_64_17.0.4.v20220805-1047\jre\bin\instrument.dll
0x00007ff9e4660000 - 0x00007ff9e4685000 	D:\Downloads\sts-4.15.3.RELEASE\plugins\org.eclipse.justj.openjdk.hotspot.jre.full.win32.x86_64_17.0.4.v20220805-1047\jre\bin\java.dll
0x00007ff9f0870000 - 0x00007ff9f0888000 	D:\Downloads\sts-4.15.3.RELEASE\plugins\org.eclipse.justj.openjdk.hotspot.jre.full.win32.x86_64_17.0.4.v20220805-1047\jre\bin\zip.dll
0x00007ff9fa880000 - 0x00007ff9fafc5000 	C:\Windows\System32\SHELL32.dll
0x00007ff9f75b0000 - 0x00007ff9f7d4b000 	C:\Windows\SYSTEM32\windows.storage.dll
0x00007ff9f9fd0000 - 0x00007ff9fa324000 	C:\Windows\System32\combase.dll
0x00007ff9f9090000 - 0x00007ff9f90be000 	C:\Windows\SYSTEM32\Wldp.dll
0x00007ff9fb8c0000 - 0x00007ff9fb96d000 	C:\Windows\System32\SHCORE.dll
0x00007ff9fb4f0000 - 0x00007ff9fb545000 	C:\Windows\System32\shlwapi.dll
0x00007ff9f9580000 - 0x00007ff9f95a5000 	C:\Windows\SYSTEM32\profapi.dll
0x00007ff9f4d80000 - 0x00007ff9f4d8c000 	D:\Downloads\sts-4.15.3.RELEASE\plugins\org.eclipse.justj.openjdk.hotspot.jre.full.win32.x86_64_17.0.4.v20220805-1047\jre\bin\dt_socket.dll
0x00007ff9f8a90000 - 0x00007ff9f8acb000 	C:\Windows\SYSTEM32\IPHLPAPI.DLL
0x00007ff9f8df0000 - 0x00007ff9f8e5a000 	C:\Windows\system32\mswsock.dll
0x00007ff9f8ae0000 - 0x00007ff9f8baa000 	C:\Windows\SYSTEM32\DNSAPI.dll
0x00007ff9fb330000 - 0x00007ff9fb338000 	C:\Windows\System32\NSI.dll
0x00007ff9f4390000 - 0x00007ff9f439a000 	C:\Windows\System32\rasadhlp.dll
0x00007ff9f43b0000 - 0x00007ff9f4432000 	C:\Windows\System32\fwpuclnt.dll
0x00007ff9f9680000 - 0x00007ff9f96a7000 	C:\Windows\System32\bcrypt.dll
0x00007ff9ea760000 - 0x00007ff9ea779000 	D:\Downloads\sts-4.15.3.RELEASE\plugins\org.eclipse.justj.openjdk.hotspot.jre.full.win32.x86_64_17.0.4.v20220805-1047\jre\bin\net.dll
0x00007ff9f0f20000 - 0x00007ff9f102a000 	C:\Windows\SYSTEM32\WINHTTP.dll
0x00007ff9e7f20000 - 0x00007ff9e7f35000 	D:\Downloads\sts-4.15.3.RELEASE\plugins\org.eclipse.justj.openjdk.hotspot.jre.full.win32.x86_64_17.0.4.v20220805-1047\jre\bin\nio.dll

dbghelp: loaded successfully - version: 4.0.5 - missing functions: none
symbol engine: initialized successfully - sym options: 0x614 - pdb path: .;D:\Downloads\sts-4.15.3.RELEASE\plugins\org.eclipse.justj.openjdk.hotspot.jre.full.win32.x86_64_17.0.4.v20220805-1047\jre\bin;C:\Windows\SYSTEM32;C:\Windows\WinSxS\amd64_microsoft.windows.common-controls_6595b64144ccf1df_6.0.19041.1110_none_60b5254171f9507e;D:\Downloads\sts-4.15.3.RELEASE\plugins\org.eclipse.justj.openjdk.hotspot.jre.full.win32.x86_64_17.0.4.v20220805-1047\jre\bin\server

VM Arguments:
jvm_args: -XX:+ShowCodeDetailsInExceptionMessages -agentlib:jdwp=transport=dt_socket,suspend=y,address=localhost:62629 -Dcom.sun.management.jmxremote -Dcom.sun.management.jmxremote.port=62628 -Dcom.sun.management.jmxremote.authenticate=false -Dcom.sun.management.jmxremote.ssl=false -Djava.rmi.server.hostname=localhost -Dspring.jmx.enabled=true -Dspring.application.admin.enabled=true -XX:TieredStopAtLevel=1 -Dspring.boot.project.name=SpringSecurityBasic -javaagent:D:\Downloads\sts-4.15.3.RELEASE\configuration\org.eclipse.osgi\258\0\.cp\lib\javaagent-shaded.jar -Dfile.encoding=UTF-8 
java_command: com.masai.SpringSecurityBasicApplication --spring.output.ansi.enabled=always
java_class_path (initial): D:\Desktop\Spring Security Practice\Spring_security\SpringSecurityBasic\target\classes;C:\Users\user\.m2\repository\org\springframework\boot\spring-boot-starter-data-jdbc\3.1.3\spring-boot-starter-data-jdbc-3.1.3.jar;C:\Users\user\.m2\repository\org\springframework\boot\spring-boot-starter-jdbc\3.1.3\spring-boot-starter-jdbc-3.1.3.jar;C:\Users\user\.m2\repository\com\zaxxer\HikariCP\5.0.1\HikariCP-5.0.1.jar;C:\Users\user\.m2\repository\org\springframework\spring-jdbc\6.0.11\spring-jdbc-6.0.11.jar;C:\Users\user\.m2\repository\org\springframework\data\spring-data-jdbc\3.1.3\spring-data-jdbc-3.1.3.jar;C:\Users\user\.m2\repository\org\springframework\data\spring-data-relational\3.1.3\spring-data-relational-3.1.3.jar;C:\Users\user\.m2\repository\org\springframework\data\spring-data-commons\3.1.3\spring-data-commons-3.1.3.jar;C:\Users\user\.m2\repository\org\springframework\spring-tx\6.0.11\spring-tx-6.0.11.jar;C:\Users\user\.m2\repository\org\springframework\spring-context\6.0.11\spring-context-6.0.11.jar;C:\Users\user\.m2\repository\org\springframework\spring-beans\6.0.11\spring-beans-6.0.11.jar;C:\Users\user\.m2\repository\org\slf4j\slf4j-api\2.0.7\slf4j-api-2.0.7.jar;C:\Users\user\.m2\repository\org\springframework\boot\spring-boot-starter-data-jpa\3.1.3\spring-boot-starter-data-jpa-3.1.3.jar;C:\Users\user\.m2\repository\org\springframework\boot\spring-boot-starter-aop\3.1.3\spring-boot-starter-aop-3.1.3.jar;C:\Users\user\.m2\repository\org\aspectj\aspectjweaver\1.9.20\aspectjweaver-1.9.20.jar;C:\Users\user\.m2\repository\org\hibernate\orm\hibernate-core\6.2.7.Final\hibernate-core-6.2.7.Final.jar;C:\Users\user\.m2\repository\jakarta\persistence\jakarta.persistence-api\3.1.0\jakarta.persistence-api-3.1.0.jar;C:\Users\user\.m2\repository\jakarta\transaction\jakarta.transaction-api\2.0.1\jakarta.transaction-api-2.0.1.jar;C:\Users\user\.m2\repository\org\jboss\logging\jboss-logging\3.5.3.Final\jboss-logging-3.5.3.Final.jar;C:\Users\user\.m2\re
Launcher Type: SUN_STANDARD

[Global flags]
     intx CICompilerCount                          = 3                                         {product} {ergonomic}
     uint ConcGCThreads                            = 1                                         {product} {ergonomic}
     uint G1ConcRefinementThreads                  = 4                                         {product} {ergonomic}
   size_t G1HeapRegionSize                         = 1048576                                   {product} {ergonomic}
    uintx GCDrainStackTargetSize                   = 64                                        {product} {ergonomic}
   size_t InitialHeapSize                          = 134217728                                 {product} {ergonomic}
     bool ManagementServer                         = true                                      {product} {command line}
   size_t MarkStackSize                            = 4194304                                   {product} {ergonomic}
   size_t MaxHeapSize                              = 2128609280                                {product} {ergonomic}
   size_t MaxNewSize                               = 1277165568                                {product} {ergonomic}
   size_t MinHeapDeltaBytes                        = 1048576                                   {product} {ergonomic}
   size_t MinHeapSize                              = 8388608                                   {product} {ergonomic}
    uintx NonProfiledCodeHeapSize                  = 0                                      {pd product} {ergonomic}
     bool ProfileInterpreter                       = false                                  {pd product} {command line}
    uintx ProfiledCodeHeapSize                     = 0                                      {pd product} {ergonomic}
     bool ShowCodeDetailsInExceptionMessages       = true                                   {manageable} {command line}
   size_t SoftMaxHeapSize                          = 2128609280                             {manageable} {ergonomic}
     intx TieredStopAtLevel                        = 1                                         {product} {command line}
     bool UseCompressedClassPointers               = true                           {product lp64_product} {ergonomic}
     bool UseCompressedOops                        = true                           {product lp64_product} {ergonomic}
     bool UseG1GC                                  = true                                      {product} {ergonomic}
     bool UseLargePagesIndividualAllocation        = false                                  {pd product} {ergonomic}

Logging:
Log output configuration:
 #0: stdout all=warning uptime,level,tags
 #1: stderr all=off uptime,level,tags

Environment Variables:
PATH=D:\Downloads\sts-4.15.3.RELEASE\plugins\org.eclipse.justj.openjdk.hotspot.jre.full.win32.x86_64_17.0.4.v20220805-1047\jre\bin;D:/Downloads/sts-4.15.3.RELEASE//plugins/org.eclipse.justj.openjdk.hotspot.jre.full.win32.x86_64_17.0.4.v20220805-1047/jre/bin/server;D:/Downloads/sts-4.15.3.RELEASE//plugins/org.eclipse.justj.openjdk.hotspot.jre.full.win32.x86_64_17.0.4.v20220805-1047/jre/bin;C:\Program Files\Common Files\Oracle\Java\javapath;C:\Windows\system32;C:\Windows;C:\Windows\System32\Wbem;C:\Windows\System32\WindowsPowerShell\v1.0\;C:\Windows\System32\OpenSSH\;C:\Program Files\Git\cmd;C:\Program Files\nodejs\;C:\Users\user\Softwares\Maven\apache-maven-3.8.6\bin;C:\Users\user\AppData\Local\Microsoft\WindowsApps;;C:\Users\user\AppData\Local\Programs\Microsoft VS Code\bin;C:\Users\user\AppData\Roaming\npm;D:\Downloads\sts-4.15.3.RELEASE;
USERNAME=user
OS=Windows_NT
PROCESSOR_IDENTIFIER=Intel64 Family 6 Model 69 Stepping 1, GenuineIntel
TMP=C:\Users\user\AppData\Local\Temp
TEMP=C:\Users\user\AppData\Local\Temp



---------------  S Y S T E M  ---------------

OS:
 Windows 10 , 64 bit Build 19041 (10.0.19041.3393)
OS uptime: 1 days 8:48 hours

CPU: total 4 (initial active 4) (2 cores per cpu, 2 threads per core) family 6 model 69 stepping 1 microcode 0x25, cx8, cmov, fxsr, ht, mmx, sse, sse2, sse3, ssse3, sse4.1, sse4.2, popcnt, lzcnt, tsc, tscinvbit, avx, avx2, aes, erms, clmul, bmi1, bmi2, fma, vzeroupper, clflush

Memory: 4k page, system-wide physical 8118M (1131M free)
TotalPageFile size 24502M (AvailPageFile size 11068M)
current process WorkingSet (physical memory assigned to process): 48M, peak: 48M
current process commit charge ("private bytes"): 199M, peak: 199M

vm_info: OpenJDK 64-Bit Server VM (17.0.4+8) for windows-amd64 JRE (17.0.4+8), built on Jul 19 2022 16:05:16 by "temurin" with MS VC++ 16.7 (VS2019)

END.
